{
  "RSpec": {
    "coverage": {
      "/Users/tylersuzukinelson/Dropbox/Project Supporting Materials/CodeCore Bootcamp/fundsy/spec/support/user_authentication_helper.rb": [
        1,
        1,
        24,
        null,
        1,
        2,
        2,
        2,
        2,
        null,
        null
      ],
      "/Users/tylersuzukinelson/Dropbox/Project Supporting Materials/CodeCore Bootcamp/fundsy/app/controllers/campaigns_controller.rb": [
        1,
        1,
        1,
        1,
        null,
        1,
        3,
        null,
        null,
        1,
        7,
        7,
        7,
        4,
        4,
        null,
        3,
        3,
        null,
        null,
        null,
        1,
        null,
        null,
        1,
        8,
        null,
        null,
        1,
        null,
        null,
        1,
        5,
        2,
        null,
        3,
        3,
        null,
        null,
        null,
        1,
        3,
        3,
        null,
        null,
        1,
        null,
        1,
        12,
        null,
        null,
        1,
        6,
        null,
        null,
        1,
        3,
        null,
        null,
        1,
        13,
        null,
        null,
        null
      ],
      "/Users/tylersuzukinelson/Dropbox/Project Supporting Materials/CodeCore Bootcamp/fundsy/app/controllers/application_controller.rb": [
        1,
        null,
        null,
        1,
        1,
        28,
        5,
        null,
        null,
        1,
        48,
        null,
        1,
        1,
        20,
        null,
        1,
        null
      ],
      "/Users/tylersuzukinelson/Dropbox/Project Supporting Materials/CodeCore Bootcamp/fundsy/spec/controllers/sessions_controller_spec.rb": [
        1,
        1,
        10,
        1,
        1,
        1,
        1,
        null,
        1,
        1,
        1,
        null,
        null,
        1,
        1,
        1,
        3,
        null,
        1,
        1,
        1,
        null,
        1,
        1,
        1,
        null,
        1,
        1,
        1,
        null,
        null,
        1,
        1,
        3,
        null,
        1,
        1,
        1,
        null,
        1,
        1,
        1,
        null,
        1,
        1,
        1,
        null,
        null,
        null,
        1,
        1,
        3,
        3,
        null,
        1,
        1,
        null,
        1,
        1,
        null,
        1,
        1,
        null,
        null,
        null
      ],
      "/Users/tylersuzukinelson/Dropbox/Project Supporting Materials/CodeCore Bootcamp/fundsy/app/controllers/sessions_controller.rb": [
        1,
        null,
        1,
        4,
        null,
        null,
        1,
        8,
        8,
        5,
        5,
        null,
        3,
        3,
        null,
        null,
        1,
        3,
        3,
        null,
        null
      ],
      "/Users/tylersuzukinelson/Dropbox/Project Supporting Materials/CodeCore Bootcamp/fundsy/spec/controllers/users_controller_spec.rb": [
        1,
        null,
        1,
        null,
        1,
        null,
        1,
        1,
        null,
        1,
        null,
        null,
        1,
        1,
        1,
        null,
        null,
        null,
        null,
        1,
        null,
        1,
        null,
        1,
        3,
        null,
        null,
        null,
        null,
        null,
        null,
        null,
        null,
        null,
        null,
        1,
        4,
        null,
        null,
        1,
        1,
        1,
        null,
        null,
        1,
        1,
        1,
        null,
        null,
        null,
        null,
        1,
        null,
        1,
        3,
        null,
        null,
        null,
        null,
        null,
        null,
        null,
        null,
        null,
        null,
        1,
        4,
        null,
        null,
        1,
        1,
        1,
        null,
        null,
        1,
        1,
        1,
        null,
        null,
        null,
        null,
        null,
        null,
        null
      ],
      "/Users/tylersuzukinelson/Dropbox/Project Supporting Materials/CodeCore Bootcamp/fundsy/app/controllers/users_controller.rb": [
        1,
        null,
        1,
        2,
        null,
        null,
        null,
        1,
        6,
        6,
        3,
        null,
        3,
        3,
        null,
        null,
        null,
        1,
        null,
        1,
        6,
        null,
        null,
        1,
        3,
        null,
        null,
        null
      ],
      "/Users/tylersuzukinelson/Dropbox/Project Supporting Materials/CodeCore Bootcamp/fundsy/spec/features/campaigns_spec.rb": [
        1,
        null,
        1,
        2,
        1,
        1,
        1,
        1,
        null,
        1,
        1,
        1,
        null,
        1,
        3,
        3,
        1,
        1,
        1,
        null,
        1,
        1,
        null,
        1,
        null,
        null,
        null,
        1,
        1,
        1,
        1,
        1,
        1,
        1,
        1,
        1,
        1,
        1,
        1,
        null,
        null,
        null
      ],
      "/Users/tylersuzukinelson/Dropbox/Project Supporting Materials/CodeCore Bootcamp/fundsy/spec/features/sessions_spec.rb": [
        1,
        null,
        1,
        1,
        2,
        1,
        1,
        1,
        null,
        null,
        null
      ],
      "/Users/tylersuzukinelson/Dropbox/Project Supporting Materials/CodeCore Bootcamp/fundsy/spec/helpers/campaigns_helper_spec.rb": [
        1,
        null,
        null,
        null,
        null,
        null,
        null,
        null,
        null,
        null,
        null,
        null,
        1,
        1,
        null
      ],
      "/Users/tylersuzukinelson/Dropbox/Project Supporting Materials/CodeCore Bootcamp/fundsy/spec/helpers/sessions_helper_spec.rb": [
        1,
        null,
        null,
        null,
        null,
        null,
        null,
        null,
        null,
        null,
        null,
        null,
        1,
        1,
        null
      ],
      "/Users/tylersuzukinelson/Dropbox/Project Supporting Materials/CodeCore Bootcamp/fundsy/spec/helpers/users_helper_spec.rb": [
        1,
        null,
        null,
        null,
        null,
        null,
        null,
        null,
        null,
        null,
        null,
        null,
        1,
        1,
        null
      ],
      "/Users/tylersuzukinelson/Dropbox/Project Supporting Materials/CodeCore Bootcamp/fundsy/spec/models/campaign_spec.rb": [
        1,
        null,
        1,
        null,
        1,
        1,
        5,
        null,
        null,
        null,
        5,
        null,
        5,
        null,
        null,
        1,
        1,
        1,
        null,
        null,
        1,
        1,
        1,
        null,
        null,
        1,
        1,
        1,
        null,
        null,
        1,
        1,
        1,
        1,
        null,
        null,
        null,
        null
      ],
      "/Users/tylersuzukinelson/Dropbox/Project Supporting Materials/CodeCore Bootcamp/fundsy/app/models/campaign.rb": [
        1,
        1,
        null,
        1,
        1,
        1,
        null
      ],
      "/Users/tylersuzukinelson/Dropbox/Project Supporting Materials/CodeCore Bootcamp/fundsy/spec/models/user_spec.rb": [
        1,
        null,
        1,
        1,
        7,
        null,
        null,
        null,
        null,
        null,
        7,
        null,
        null,
        1,
        null,
        1,
        1,
        1,
        null,
        null,
        1,
        1,
        1,
        1,
        null,
        null,
        1,
        1,
        1,
        null,
        null,
        null,
        null,
        1,
        null,
        1,
        1,
        1,
        null,
        null,
        1,
        1,
        1,
        null,
        null,
        null,
        null,
        1,
        1,
        1,
        1,
        null,
        null,
        null,
        null
      ],
      "/Users/tylersuzukinelson/Dropbox/Project Supporting Materials/CodeCore Bootcamp/fundsy/app/models/user.rb": [
        1,
        1,
        1,
        null,
        1,
        null,
        1,
        2,
        1,
        null,
        1,
        null,
        null,
        null,
        null
      ],
      "/Users/tylersuzukinelson/Dropbox/Project Supporting Materials/CodeCore Bootcamp/fundsy/app/validators/email_format_validator.rb": [
        1,
        null,
        1,
        null,
        1,
        57,
        5,
        null,
        57,
        null,
        null,
        null
      ]
    },
    "timestamp": 1423681830
  }
}
